0 info it worked if it ends with ok
1 verbose cli [ 'C:\\Program Files\\nodejs\\node.exe',
1 verbose cli   'C:\\Program Files\\nodejs\\node_modules\\npm\\bin\\npm-cli.js',
1 verbose cli   'publish',
1 verbose cli   '-f' ]
2 info using npm@3.10.10
3 info using node@v6.11.3
4 warn using --force I sure hope you know what you are doing.
5 verbose publish [ '.' ]
6 silly cache add args [ '.', null ]
7 verbose cache add spec .
8 silly cache add parsed spec Result {
8 silly cache add   raw: '.',
8 silly cache add   scope: null,
8 silly cache add   escapedName: null,
8 silly cache add   name: null,
8 silly cache add   rawSpec: '.',
8 silly cache add   spec: 'C:\\_Projects\\Github\\artist',
8 silly cache add   type: 'directory' }
9 verbose addLocalDirectory C:\Users\kleevs\AppData\Roaming\npm-cache\artistejs\1.0.0\package.tgz not in flight; packing
10 verbose correctMkdir C:\Users\kleevs\AppData\Roaming\npm-cache correctMkdir not in flight; initializing
11 info lifecycle artistejs@1.0.0~prepublish: artistejs@1.0.0
12 silly lifecycle artistejs@1.0.0~prepublish: no script for prepublish, continuing
13 verbose tar pack [ 'C:\\Users\\kleevs\\AppData\\Roaming\\npm-cache\\artistejs\\1.0.0\\package.tgz',
13 verbose tar pack   'C:\\_Projects\\Github\\artist' ]
14 verbose tarball C:\Users\kleevs\AppData\Roaming\npm-cache\artistejs\1.0.0\package.tgz
15 verbose folder C:\_Projects\Github\artist
16 verbose addLocalTarball adding from inside cache C:\Users\kleevs\AppData\Roaming\npm-cache\artistejs\1.0.0\package.tgz
17 verbose correctMkdir C:\Users\kleevs\AppData\Roaming\npm-cache correctMkdir not in flight; initializing
18 silly cache afterAdd artistejs@1.0.0
19 verbose afterAdd C:\Users\kleevs\AppData\Roaming\npm-cache\artistejs\1.0.0\package\package.json not in flight; writing
20 verbose correctMkdir C:\Users\kleevs\AppData\Roaming\npm-cache correctMkdir not in flight; initializing
21 verbose afterAdd C:\Users\kleevs\AppData\Roaming\npm-cache\artistejs\1.0.0\package\package.json written
22 silly publish { name: 'artistejs',
22 silly publish   version: '1.0.0',
22 silly publish   description: 'Un léger framework typescript',
22 silly publish   main: './src/index.js',
22 silly publish   typings: './src/index.d.ts',
22 silly publish   scripts:
22 silly publish    { tsc: 'tsc',
22 silly publish      build: 'npm run tsc && node bin/bundler.js build.js' },
22 silly publish   devDependencies: { '@types/node': '^7.0.14' },
22 silly publish   repository:
22 silly publish    { type: 'git',
22 silly publish      url: 'git+ssh://git@github.com/kleevs/artist.git).git' },
22 silly publish   keywords: [ 'artist', 'artistjs', 'artistejs', 'artiste', 'framework' ],
22 silly publish   author: { name: 'kleevs' },
22 silly publish   license: 'MIT',
22 silly publish   readme: '# Artiste\r\n\r\n**Artiste** est un framework qui fournit aux développeurs des outils et une architecture qui permet la création de la partie front end d\'une application web. Pour se familiariser avec le framework lisez [cette présentation du framework](doc/architecture.md) et les tutoriels disponibles.\r\n\r\n# Get started\r\n\r\nPour commencer à utiliser le framework **Artiste** vous pouvez le télécharger sur le site officiel ou l\'installer via npm.\r\n\r\nCréation du projet avec npm.\r\n\r\n```\r\nnpm init -y\r\n```\r\nInstallation de typescript et initialisation du projet.\r\n\r\n```\r\nnpm install typescript --save-dev\r\n./node_modules/.bin/tsc --init\r\n```\r\n\r\nRemplacer le contenu du fichier **tsconfig.json** qui vient d\'être créé par le code suivant.\r\n\r\n```javascript\r\n{ \r\n    "compilerOptions": { \r\n        "module": "amd", \r\n        "moduleResolution": "classic", \r\n        "experimentalDecorators": true, \r\n        "emitDecoratorMetadata": true, \r\n        "lib": [ \r\n            "es2016", \r\n            "dom" \r\n        ] \r\n    }, \r\n    "exclude" : [ \r\n        "./node_modules" \r\n    ] \r\n}\r\n```\r\nInstallation du framework **Artiste**.\r\n\r\n```\r\nnpm install artistejs --save\r\n```\r\n\r\nCréer un premier fichier index.html à la racine du projet.\r\n\r\n```html\r\n<!DOCTYPE html> \r\n<html> \r\n    <head> \r\n        <script src=\'node_modules/jquery/dist/jquery.js\'></script>\r\n        <script \r\n            src=\'node_modules/artistejs/dist/artiste.js\' \r\n            config=\'config\' \r\n            startup=\'startup\' \r\n            placeholder=\'app\'></script> \r\n    </head> \r\n     \r\n    <body> \r\n        <app></app> \r\n    </body> \r\n</html>\r\n```\r\n\r\nPuis, dans le même répertoire, créer un fichier config.ts.\r\n\r\n```typescript\r\nexport default { \r\n    path: [ \r\n        { test: /^\\/?(node_modules\\/*)/, result: \'$1\' }, \r\n    ] \r\n}\r\n```\r\n\r\nEt startup.ts.\r\n\r\n```typescript\r\nimport { View, text } from \'node_modules/artistejs/dist/artiste\'; \r\n \r\n@View<Startup>({ \r\n    html: `<div> \r\n        <h1 id=\'title\'></h1> \r\n        <p>My first application with Artiste.</p> \r\n    </div>`, \r\n    binding: { \r\n        \'#title\': (startupView) => text(() => startupView.message) \r\n    } \r\n}) \r\nexport class Startup { \r\n    message = \'Hello world !!\'; \r\n}\r\n```\r\n\r\nEnfin compiler le projet à l\'aide de la commande tsc.\r\n\r\n```\r\n./node_modules/.bin/tsc\r\n```\r\n\r\nOuvrer le fichier index.html avec votre navigateur web préféré.\r\n\r\n# Tutoriel\r\n\r\n* [Hello world](doc/tuto/hello-world.md)\r\n* [Gestion des utilisateurs](doc/tuto/user-manager.md)',
22 silly publish   readmeFilename: 'README.md',
22 silly publish   gitHead: '3e783e13cdef84b03f850d4b111ccbb573179bfb',
22 silly publish   bugs: { url: 'https://github.com/kleevs/artist.git)/issues' },
22 silly publish   homepage: 'https://github.com/kleevs/artist.git)#readme',
22 silly publish   _id: 'artistejs@1.0.0',
22 silly publish   _shasum: '6b931f3f254c6361f98fc1cdcc26dc40f84ca43b',
22 silly publish   _from: '.' }
23 verbose getPublishConfig undefined
24 silly mapToRegistry name artistejs
25 silly mapToRegistry using default registry
26 silly mapToRegistry registry https://registry.npmjs.org/
27 silly mapToRegistry data Result {
27 silly mapToRegistry   raw: 'artistejs',
27 silly mapToRegistry   scope: null,
27 silly mapToRegistry   escapedName: 'artistejs',
27 silly mapToRegistry   name: 'artistejs',
27 silly mapToRegistry   rawSpec: '',
27 silly mapToRegistry   spec: 'latest',
27 silly mapToRegistry   type: 'tag' }
28 silly mapToRegistry uri https://registry.npmjs.org/artistejs
29 verbose publish registryBase https://registry.npmjs.org/
30 silly publish uploading C:\Users\kleevs\AppData\Roaming\npm-cache\artistejs\1.0.0\package.tgz
31 verbose request uri https://registry.npmjs.org/artistejs
32 verbose request sending authorization for write operation
33 info attempt registry request try #1 at 15:15:32
34 verbose request using bearer token for auth
35 verbose request id 511b71903bed406c
36 http request PUT https://registry.npmjs.org/artistejs
37 http 403 https://registry.npmjs.org/artistejs
38 verbose headers { 'content-type': 'application/json',
38 verbose headers   'cache-control': 'max-age=300',
38 verbose headers   'content-length': '93',
38 verbose headers   'accept-ranges': 'bytes',
38 verbose headers   date: 'Fri, 11 May 2018 13:15:33 GMT',
38 verbose headers   via: '1.1 varnish',
38 verbose headers   connection: 'keep-alive',
38 verbose headers   'x-served-by': 'cache-cdg8722-CDG',
38 verbose headers   'x-cache': 'MISS',
38 verbose headers   'x-cache-hits': '0',
38 verbose headers   'x-timer': 'S1526044532.417645,VS0,VE1208',
38 verbose headers   vary: 'Accept-Encoding, Accept' }
39 verbose request invalidating C:\Users\kleevs\AppData\Roaming\npm-cache\registry.npmjs.org\artistejs on PUT
40 error publish Failed PUT 403
41 verbose stack Error: You cannot publish over the previously published versions: 1.0.0. : artistejs
41 verbose stack     at makeError (C:\Program Files\nodejs\node_modules\npm\node_modules\npm-registry-client\lib\request.js:302:12)
41 verbose stack     at CachingRegistryClient.<anonymous> (C:\Program Files\nodejs\node_modules\npm\node_modules\npm-registry-client\lib\request.js:290:14)
41 verbose stack     at Request._callback (C:\Program Files\nodejs\node_modules\npm\node_modules\npm-registry-client\lib\request.js:210:14)
41 verbose stack     at Request.self.callback (C:\Program Files\nodejs\node_modules\npm\node_modules\request\request.js:187:22)
41 verbose stack     at emitTwo (events.js:106:13)
41 verbose stack     at Request.emit (events.js:191:7)
41 verbose stack     at Request.<anonymous> (C:\Program Files\nodejs\node_modules\npm\node_modules\request\request.js:1048:10)
41 verbose stack     at emitOne (events.js:96:13)
41 verbose stack     at Request.emit (events.js:188:7)
41 verbose stack     at IncomingMessage.<anonymous> (C:\Program Files\nodejs\node_modules\npm\node_modules\request\request.js:969:12)
42 verbose statusCode 403
43 verbose pkgid artistejs
44 verbose cwd C:\_Projects\Github\artist
45 error Windows_NT 10.0.16299
46 error argv "C:\\Program Files\\nodejs\\node.exe" "C:\\Program Files\\nodejs\\node_modules\\npm\\bin\\npm-cli.js" "publish" "-f"
47 error node v6.11.3
48 error npm  v3.10.10
49 error code E403
50 error You cannot publish over the previously published versions: 1.0.0. : artistejs
51 error If you need help, you may report this error at:
51 error     <https://github.com/npm/npm/issues>
52 verbose exit [ 1, true ]
